<?xml version="1.0" encoding="UTF-8"?>
<!-- Generated by org.testng.reporters.JUnitXMLReporter -->
<testsuite hostname="NIS-PK529s-MacBook-Pro.local" ignored="0" name="Command line test" tests="7" failures="0" timestamp="21 Oct 2022 17:40:34 GMT" time="90.304" errors="0">
  <testcase name="firstNameValidation" time="2.809" classname="toolsQA.automation.tests.RegistrationFormTest"/>
  <testcase name="lastNameValidation" time="2.565" classname="toolsQA.automation.tests.RegistrationFormTest"/>
  <testcase name="genderValidation" time="2.604" classname="toolsQA.automation.tests.RegistrationFormTest"/>
  <testcase name="mobileNumberValidation" time="2.605" classname="toolsQA.automation.tests.RegistrationFormTest"/>
  <testcase name="mobileNumberLengthValidation" time="2.552" classname="toolsQA.automation.tests.RegistrationFormTest"/>
  <testcase name="emailFormatValidation" time="2.555" classname="toolsQA.automation.tests.RegistrationFormTest"/>
  <testcase name="successfulFormSubmission" time="3.146" classname="toolsQA.automation.tests.RegistrationFormTest"/>
</testsuite> <!-- Command line test -->
