<?xml version="1.0" encoding="UTF-8"?>
<testng-results skipped="0" failed="0" ignored="0" total="7" passed="7">
  <reporter-output>
  </reporter-output>
  <suite name="Command line suite" duration-ms="90304" started-at="2022-10-21T17:39:04Z" finished-at="2022-10-21T17:40:34Z">
    <groups>
    </groups>
    <test name="Command line test" duration-ms="90304" started-at="2022-10-21T17:39:04Z" finished-at="2022-10-21T17:40:34Z">
      <class name="toolsQA.automation.tests.RegistrationFormTest">
        <test-method status="PASS" signature="loadRegistrationForm()[pri:0, instance:toolsQA.automation.tests.RegistrationFormTest@2ef5e5e3]" name="loadRegistrationForm" is-config="true" duration-ms="10182" started-at="2022-10-21T17:39:04Z" finished-at="2022-10-21T17:39:14Z">
          <reporter-output>
          </reporter-output>
        </test-method> <!-- loadRegistrationForm -->
        <test-method status="PASS" signature="firstNameValidation()[pri:1, instance:toolsQA.automation.tests.RegistrationFormTest@2ef5e5e3]" name="firstNameValidation" duration-ms="2809" started-at="2022-10-21T17:39:14Z" finished-at="2022-10-21T17:39:17Z">
          <reporter-output>
          </reporter-output>
        </test-method> <!-- firstNameValidation -->
        <test-method status="PASS" signature="teardown()[pri:0, instance:toolsQA.automation.tests.RegistrationFormTest@2ef5e5e3]" name="teardown" is-config="true" duration-ms="246" started-at="2022-10-21T17:39:17Z" finished-at="2022-10-21T17:39:17Z">
          <reporter-output>
          </reporter-output>
        </test-method> <!-- teardown -->
        <test-method status="PASS" signature="loadRegistrationForm()[pri:0, instance:toolsQA.automation.tests.RegistrationFormTest@2ef5e5e3]" name="loadRegistrationForm" is-config="true" duration-ms="8852" started-at="2022-10-21T17:39:17Z" finished-at="2022-10-21T17:39:26Z">
          <reporter-output>
          </reporter-output>
        </test-method> <!-- loadRegistrationForm -->
        <test-method status="PASS" signature="lastNameValidation()[pri:2, instance:toolsQA.automation.tests.RegistrationFormTest@2ef5e5e3]" name="lastNameValidation" duration-ms="2565" started-at="2022-10-21T17:39:26Z" finished-at="2022-10-21T17:39:29Z">
          <reporter-output>
          </reporter-output>
        </test-method> <!-- lastNameValidation -->
        <test-method status="PASS" signature="teardown()[pri:0, instance:toolsQA.automation.tests.RegistrationFormTest@2ef5e5e3]" name="teardown" is-config="true" duration-ms="317" started-at="2022-10-21T17:39:29Z" finished-at="2022-10-21T17:39:29Z">
          <reporter-output>
          </reporter-output>
        </test-method> <!-- teardown -->
        <test-method status="PASS" signature="loadRegistrationForm()[pri:0, instance:toolsQA.automation.tests.RegistrationFormTest@2ef5e5e3]" name="loadRegistrationForm" is-config="true" duration-ms="11554" started-at="2022-10-21T17:39:29Z" finished-at="2022-10-21T17:39:41Z">
          <reporter-output>
          </reporter-output>
        </test-method> <!-- loadRegistrationForm -->
        <test-method status="PASS" signature="genderValidation()[pri:3, instance:toolsQA.automation.tests.RegistrationFormTest@2ef5e5e3]" name="genderValidation" duration-ms="2604" started-at="2022-10-21T17:39:41Z" finished-at="2022-10-21T17:39:43Z">
          <reporter-output>
          </reporter-output>
        </test-method> <!-- genderValidation -->
        <test-method status="PASS" signature="teardown()[pri:0, instance:toolsQA.automation.tests.RegistrationFormTest@2ef5e5e3]" name="teardown" is-config="true" duration-ms="220" started-at="2022-10-21T17:39:43Z" finished-at="2022-10-21T17:39:43Z">
          <reporter-output>
          </reporter-output>
        </test-method> <!-- teardown -->
        <test-method status="PASS" signature="loadRegistrationForm()[pri:0, instance:toolsQA.automation.tests.RegistrationFormTest@2ef5e5e3]" name="loadRegistrationForm" is-config="true" duration-ms="8466" started-at="2022-10-21T17:39:43Z" finished-at="2022-10-21T17:39:52Z">
          <reporter-output>
          </reporter-output>
        </test-method> <!-- loadRegistrationForm -->
        <test-method status="PASS" signature="mobileNumberValidation()[pri:4, instance:toolsQA.automation.tests.RegistrationFormTest@2ef5e5e3]" name="mobileNumberValidation" duration-ms="2605" started-at="2022-10-21T17:39:52Z" finished-at="2022-10-21T17:39:54Z">
          <reporter-output>
          </reporter-output>
        </test-method> <!-- mobileNumberValidation -->
        <test-method status="PASS" signature="teardown()[pri:0, instance:toolsQA.automation.tests.RegistrationFormTest@2ef5e5e3]" name="teardown" is-config="true" duration-ms="208" started-at="2022-10-21T17:39:54Z" finished-at="2022-10-21T17:39:55Z">
          <reporter-output>
          </reporter-output>
        </test-method> <!-- teardown -->
        <test-method status="PASS" signature="loadRegistrationForm()[pri:0, instance:toolsQA.automation.tests.RegistrationFormTest@2ef5e5e3]" name="loadRegistrationForm" is-config="true" duration-ms="7674" started-at="2022-10-21T17:39:55Z" finished-at="2022-10-21T17:40:02Z">
          <reporter-output>
          </reporter-output>
        </test-method> <!-- loadRegistrationForm -->
        <test-method status="PASS" signature="mobileNumberLengthValidation()[pri:5, instance:toolsQA.automation.tests.RegistrationFormTest@2ef5e5e3]" name="mobileNumberLengthValidation" duration-ms="2552" started-at="2022-10-21T17:40:02Z" finished-at="2022-10-21T17:40:05Z">
          <reporter-output>
          </reporter-output>
        </test-method> <!-- mobileNumberLengthValidation -->
        <test-method status="PASS" signature="teardown()[pri:0, instance:toolsQA.automation.tests.RegistrationFormTest@2ef5e5e3]" name="teardown" is-config="true" duration-ms="247" started-at="2022-10-21T17:40:05Z" finished-at="2022-10-21T17:40:05Z">
          <reporter-output>
          </reporter-output>
        </test-method> <!-- teardown -->
        <test-method status="PASS" signature="loadRegistrationForm()[pri:0, instance:toolsQA.automation.tests.RegistrationFormTest@2ef5e5e3]" name="loadRegistrationForm" is-config="true" duration-ms="11679" started-at="2022-10-21T17:40:05Z" finished-at="2022-10-21T17:40:17Z">
          <reporter-output>
          </reporter-output>
        </test-method> <!-- loadRegistrationForm -->
        <test-method status="PASS" signature="emailFormatValidation()[pri:6, instance:toolsQA.automation.tests.RegistrationFormTest@2ef5e5e3]" name="emailFormatValidation" duration-ms="2555" started-at="2022-10-21T17:40:17Z" finished-at="2022-10-21T17:40:19Z">
          <reporter-output>
          </reporter-output>
        </test-method> <!-- emailFormatValidation -->
        <test-method status="PASS" signature="teardown()[pri:0, instance:toolsQA.automation.tests.RegistrationFormTest@2ef5e5e3]" name="teardown" is-config="true" duration-ms="184" started-at="2022-10-21T17:40:19Z" finished-at="2022-10-21T17:40:20Z">
          <reporter-output>
          </reporter-output>
        </test-method> <!-- teardown -->
        <test-method status="PASS" signature="loadRegistrationForm()[pri:0, instance:toolsQA.automation.tests.RegistrationFormTest@2ef5e5e3]" name="loadRegistrationForm" is-config="true" duration-ms="11361" started-at="2022-10-21T17:40:20Z" finished-at="2022-10-21T17:40:31Z">
          <reporter-output>
          </reporter-output>
        </test-method> <!-- loadRegistrationForm -->
        <test-method status="PASS" signature="successfulFormSubmission()[pri:7, instance:toolsQA.automation.tests.RegistrationFormTest@2ef5e5e3]" name="successfulFormSubmission" duration-ms="3146" started-at="2022-10-21T17:40:31Z" finished-at="2022-10-21T17:40:34Z">
          <reporter-output>
          </reporter-output>
        </test-method> <!-- successfulFormSubmission -->
        <test-method status="PASS" signature="teardown()[pri:0, instance:toolsQA.automation.tests.RegistrationFormTest@2ef5e5e3]" name="teardown" is-config="true" duration-ms="250" started-at="2022-10-21T17:40:34Z" finished-at="2022-10-21T17:40:34Z">
          <reporter-output>
          </reporter-output>
        </test-method> <!-- teardown -->
      </class> <!-- toolsQA.automation.tests.RegistrationFormTest -->
    </test> <!-- Command line test -->
  </suite> <!-- Command line suite -->
</testng-results>
