<?xml version="1.0" encoding="UTF-8" ?>
<testsuite tests="3" failures="1" name="TestSuite" time="7.747" errors="0" skipped="0">
  <properties>
[...]
</properties>
  <testcase classname="toolsQA.automation.tests.RegistrationFormTest" name="firstNameValidation" time="2.645"/>
  <testcase classname="toolsQA.automation.tests.RegistrationFormTest" name="lastNameValidation" time="2.612"/>
  <testcase classname="toolsQA.automation.tests.RegistrationFormTest" name="genderValidation" time="2.49">
    <failure message="expected [#dc3545] but found [#ffffff]" type="java.lang.AssertionError">java.lang.AssertionError: expected [#dc3545] but found [#ffffff]
	at org.testng.Assert.fail(Assert.java:96)
	at org.testng.Assert.failNotEquals(Assert.java:776)
	at org.testng.Assert.assertEqualsImpl(Assert.java:137)
	at org.testng.Assert.assertEquals(Assert.java:118)
	at org.testng.Assert.assertEquals(Assert.java:453)
	at org.testng.Assert.assertEquals(Assert.java:463)
	at toolsQA.test.pageobjects.RegistrationPage.verifyGender(RegistrationPage.java:64)
	at toolsQA.automation.tests.RegistrationFormTest.genderValidation(RegistrationFormTest.java:48)
</failure>
    <system-err>Starting ChromeDriver 96.0.4664.45 (76e4c1bb2ab4671b8beba3444e61c0f17584b2fc-refs/branch-heads/4664@{#947}) on port 50055
Only local connections are allowed.
Please see https://chromedriver.chromium.org/security-considerations for suggestions on keeping ChromeDriver safe.
ChromeDriver was started successfully.
Oct 21, 2022 7:15:33 PM org.openqa.selenium.remote.ProtocolHandshake createSession
INFO: Detected dialect: W3C
Oct 21, 2022 7:15:33 PM org.openqa.selenium.devtools.CdpVersionFinder findNearestMatch
WARNING: Unable to find an exact match for CDP version 96, so returning the closest version found: a no-op implementation
Oct 21, 2022 7:15:33 PM org.openqa.selenium.devtools.CdpVersionFinder findNearestMatch
INFO: Unable to find CDP implementation matching 96.
Oct 21, 2022 7:15:33 PM org.openqa.selenium.chromium.ChromiumDriver lambda$new$3
WARNING: Unable to find version of CDP to use for . You may need to include a dependency on a specific version of the CDP using something similar to `org.seleniumhq.selenium:selenium-devtools-v86:4.1.4` where the version (&quot;v86&quot;) matches the version of the chromium-based browser you&apos;re using and the version number of the artifact is the same as Selenium&apos;s.
</system-err>
  </testcase>
</testsuite>